<?xml version="1.0" encoding="UTF-8"?>
<!-- Generated by org.testng.reporters.JUnitReportReporter -->
<testsuite hostname="DESKTOP-NVJBT54" failures="0" tests="3" name="TestCases.CM_ManagePlansFilter" time="43.976" errors="0" timestamp="2025-09-18T15:31:45 BDT" skipped="0">
  <testcase classname="TestCases.CM_ManagePlansFilter" name="testManagePlans" time="14.844"/>
  <testcase classname="TestCases.CM_ManagePlansFilter" name="testManagePlans2" time="13.526"/>
  <testcase classname="TestCases.CM_ManagePlansFilter" name="testManagePlans3" time="15.606"/>
</testsuite> <!-- TestCases.CM_ManagePlansFilter -->
