<?xml version="1.0" encoding="UTF-8"?>
<!-- Generated by org.testng.reporters.JUnitReportReporter -->
<testsuite hostname="DESKTOP-NVJBT54" failures="0" tests="1" name="TestCases.CM_OrganizationEdit" time="42.413" errors="0" timestamp="2025-09-21T16:22:14 BDT" skipped="0">
  <testcase classname="TestCases.CM_OrganizationEdit" name="testManagePlans1" time="42.413"/>
</testsuite> <!-- TestCases.CM_OrganizationEdit -->
