<?xml version="1.0" encoding="UTF-8"?>
<!-- Generated by org.testng.reporters.JUnitReportReporter -->
<testsuite hostname="Kakon" failures="0" tests="1" name="TestCases.FeatureUXValidation" time="12.355" errors="0" timestamp="2025-08-31T11:21:12 BDT" skipped="0">
  <testcase classname="TestCases.FeatureUXValidation" name="HomeUX" time="12.355"/>
</testsuite> <!-- TestCases.FeatureUXValidation -->
