<?xml version="1.0" encoding="UTF-8"?>
<!-- Generated by org.testng.reporters.JUnitReportReporter -->
<testsuite hostname="DESKTOP-NVJBT54" failures="0" tests="1" name="TestCases.CM_ManagePlansEditPlan" time="41.166" errors="0" timestamp="2025-09-22T16:08:46 BDT" skipped="0">
  <testcase classname="TestCases.CM_ManagePlansEditPlan" name="testManagePlans2" time="41.166"/>
</testsuite> <!-- TestCases.CM_ManagePlansEditPlan -->
