<?xml version="1.0" encoding="UTF-8"?>
<!-- Generated by org.testng.reporters.JUnitReportReporter -->
<testsuite hostname="DESKTOP-NVJBT54" failures="0" tests="2" name="TestCases.CopyInvitationCalendar" time="39.519" errors="0" timestamp="2025-09-08T16:28:53 BDT" skipped="0">
  <testcase classname="TestCases.CopyInvitationCalendar" name="SaveSchedule" time="22.167"/>
  <testcase classname="TestCases.CopyInvitationCalendar" name="copyInvitation" time="17.352"/>
</testsuite> <!-- TestCases.CopyInvitationCalendar -->
