<?xml version="1.0" encoding="UTF-8"?>
<!-- Generated by org.testng.reporters.JUnitReportReporter -->
<testsuite hostname="Kakon" failures="0" tests="1" name="TestCases.EditUserInfo" time="20.688" errors="0" timestamp="2025-07-14T17:28:39 BDT" skipped="0">
  <testcase classname="TestCases.EditUserInfo" name="EditUserInfo2" time="20.688"/>
</testsuite> <!-- TestCases.EditUserInfo -->
