<?xml version="1.0" encoding="UTF-8"?>
<!-- Generated by org.testng.reporters.JUnitReportReporter -->
<testsuite hostname="Kakon" failures="0" tests="1" name="TestCases.HomeUXValidation" time="11.485" errors="0" timestamp="2025-07-15T10:56:44 BDT" skipped="0">
  <testcase classname="TestCases.HomeUXValidation" name="HomeUX" time="11.485"/>
</testsuite> <!-- TestCases.HomeUXValidation -->
