<?xml version="1.0" encoding="UTF-8"?>
<!-- Generated by org.testng.reporters.JUnitReportReporter -->
<testsuite hostname="Kakon" failures="0" tests="1" name="TestCases.HostSetting" time="35.098" errors="0" timestamp="2025-07-15T12:29:46 BDT" skipped="0">
  <testcase classname="TestCases.HostSetting" name="Host_Setting" time="35.098"/>
</testsuite> <!-- TestCases.HostSetting -->
