<?xml version="1.0" encoding="UTF-8"?>
<!-- Generated by org.testng.reporters.JUnitReportReporter -->
<testsuite hostname="Kakon" failures="0" tests="2" name="TestCases.MeetingManagementJoin" time="40.391" errors="0" timestamp="2025-07-15T17:41:14 BDT" skipped="0">
  <testcase classname="TestCases.MeetingManagementJoin" name="Upcoming_Meeting_Cancel" time="17.884"/>
  <testcase classname="TestCases.MeetingManagementJoin" name="Upcoming_Meeting_Join" time="22.507"/>
</testsuite> <!-- TestCases.MeetingManagementJoin -->
