<?xml version="1.0" encoding="UTF-8"?>
<!-- Generated by org.testng.reporters.JUnitReportReporter -->
<testsuite hostname="DESKTOP-NVJBT54" failures="0" tests="1" name="TestCases.CM_ManagePlansDraft" time="25.915" errors="0" timestamp="2025-09-22T12:25:03 BDT" skipped="0">
  <testcase classname="TestCases.CM_ManagePlansDraft" name="testManagePlans" time="25.915"/>
</testsuite> <!-- TestCases.CM_ManagePlansDraft -->
