<?xml version="1.0" encoding="UTF-8"?>
<!-- Generated by org.testng.reporters.JUnitReportReporter -->
<testsuite hostname="Kakon" failures="0" tests="3" name="TestCases.SuspendUser" time="61.335" errors="0" timestamp="2025-07-23T16:59:38 BDT" skipped="0">
  <testcase classname="TestCases.SuspendUser" name="FilterByStatus_Active" time="33.722"/>
  <testcase classname="TestCases.SuspendUser" name="FilterByStatus_Suspended" time="15.485"/>
  <testcase classname="TestCases.SuspendUser" name="SuspendedUserLogin" time="12.128"/>
</testsuite> <!-- TestCases.SuspendUser -->
