<?xml version="1.0" encoding="UTF-8"?>
<!-- Generated by org.testng.reporters.JUnitReportReporter -->
<testsuite hostname="DESKTOP-NVJBT54" failures="0" tests="1" name="TestCases.CopyInvitationInstant" time="16.100" errors="0" timestamp="2025-09-11T09:05:23 BDT" skipped="0">
  <testcase classname="TestCases.CopyInvitationInstant" name="copyInvitation" time="16.100"/>
</testsuite> <!-- TestCases.CopyInvitationInstant -->
