<?xml version="1.0" encoding="UTF-8"?>
<!-- Generated by org.testng.reporters.JUnitReportReporter -->
<testsuite hostname="DESKTOP-NVJBT54" failures="0" tests="5" name="TestCases.LoginTest" time="15.753" errors="0" timestamp="2025-09-08T16:06:48 BDT" skipped="0">
  <testcase classname="TestCases.LoginTest" name="LoginValCred" time="3.059"/>
  <testcase classname="TestCases.LoginTest" name="LoginInvUname" time="2.638"/>
  <testcase classname="TestCases.LoginTest" name="LoginInvPass" time="2.762"/>
  <testcase classname="TestCases.LoginTest" name="LoginInvUnamePass" time="3.046"/>
  <testcase classname="TestCases.LoginTest" name="LoginWithoutCred" time="4.248"/>
</testsuite> <!-- TestCases.LoginTest -->
