<?xml version="1.0" encoding="UTF-8"?>
<!-- Generated by org.testng.reporters.JUnitReportReporter -->
<testsuite hostname="Kakon" failures="0" tests="4" name="TestCases.AddMultipleUser" time="77.279" errors="0" timestamp="2025-07-09T13:45:11 BDT" skipped="0">
  <testcase classname="TestCases.AddMultipleUser" name="DownloadTemplate" time="13.767"/>
  <testcase classname="TestCases.AddMultipleUser" name="UploadTemplate" time="24.986"/>
  <testcase classname="TestCases.AddMultipleUser" name="FailedMessage" time="18.893"/>
  <testcase classname="TestCases.AddMultipleUser" name="SuccessMessage" time="19.633"/>
</testsuite> <!-- TestCases.AddMultipleUser -->
