<?xml version="1.0" encoding="UTF-8"?>
<!-- Generated by org.testng.reporters.JUnitReportReporter -->
<testsuite hostname="Kakon" failures="0" tests="2" name="TestCases.OrganizationWebsite" time="31.661" errors="0" timestamp="2025-07-16T16:21:45 BDT" skipped="0">
  <testcase classname="TestCases.OrganizationWebsite" name="OrganizationWebsite1" time="15.572"/>
  <testcase classname="TestCases.OrganizationWebsite" name="OrganizationWebsite2" time="16.089"/>
</testsuite> <!-- TestCases.OrganizationWebsite -->
