<?xml version="1.0" encoding="UTF-8"?>
<!-- Generated by org.testng.reporters.JUnitReportReporter -->
<testsuite hostname="DESKTOP-NVJBT54" failures="0" tests="2" name="TestCases.MeetingManagementDeleteMeeting" time="41.754" errors="0" timestamp="2025-09-08T16:48:08 BDT" skipped="0">
  <testcase classname="TestCases.MeetingManagementDeleteMeeting" name="Schedule_Meeting" time="18.928"/>
  <testcase classname="TestCases.MeetingManagementDeleteMeeting" name="Schedule_Meeting_Delete" time="22.826"/>
</testsuite> <!-- TestCases.MeetingManagementDeleteMeeting -->
