<?xml version="1.0" encoding="UTF-8"?>
<!-- Generated by org.testng.reporters.JUnitReportReporter -->
<testsuite hostname="Kakon" failures="0" tests="1" name="TestCases.DeleteUser" time="16.086" errors="0" timestamp="2025-07-14T16:01:26 BDT" skipped="0">
  <testcase classname="TestCases.DeleteUser" name="deletededUserLogin" time="16.086"/>
</testsuite> <!-- TestCases.DeleteUser -->
