<?xml version="1.0" encoding="UTF-8"?>
<!-- Generated by org.testng.reporters.JUnitReportReporter -->
<testsuite hostname="DESKTOP-NVJBT54" failures="0" tests="3" name="TestCases.CM_OrganizationEdit" time="95.498" errors="0" timestamp="2025-10-05T13:48:47 BDT" skipped="0">
  <testcase classname="TestCases.CM_OrganizationEdit" name="CM_OrganizationEdit1" time="33.055"/>
  <testcase classname="TestCases.CM_OrganizationEdit" name="CM_OrganizationEdit2" time="35.916"/>
  <testcase classname="TestCases.CM_OrganizationEdit" name="CM_OrganizationEdit3" time="26.527"/>
</testsuite> <!-- TestCases.CM_OrganizationEdit -->
