<?xml version="1.0" encoding="UTF-8"?>
<!-- Generated by org.testng.reporters.JUnitReportReporter -->
<testsuite hostname="Kakon" failures="0" tests="5" name="TestCases.LoginTest" time="16.369" errors="0" timestamp="2025-08-28T12:19:04 BDT" skipped="0">
  <testcase classname="TestCases.LoginTest" name="LoginValCred" time="2.715"/>
  <testcase classname="TestCases.LoginTest" name="LoginInvUname" time="3.854"/>
  <testcase classname="TestCases.LoginTest" name="LoginInvPass" time="2.706"/>
  <testcase classname="TestCases.LoginTest" name="LoginInvUnamePass" time="4.335"/>
  <testcase classname="TestCases.LoginTest" name="LoginWithoutCred" time="2.759"/>
</testsuite> <!-- TestCases.LoginTest -->
