<?xml version="1.0" encoding="UTF-8"?>
<!-- Generated by org.testng.reporters.JUnitReportReporter -->
<testsuite hostname="DESKTOP-NVJBT54" failures="0" tests="1" name="TestCases.CM_ManagePlansSearch" time="20.723" errors="0" timestamp="2025-09-16T15:24:41 BDT" skipped="0">
  <testcase classname="TestCases.CM_ManagePlansSearch" name="testManagePlans" time="20.723"/>
</testsuite> <!-- TestCases.CM_ManagePlansSearch -->
