<?xml version="1.0" encoding="UTF-8"?>
<!-- Generated by org.testng.reporters.JUnitReportReporter -->
<testsuite hostname="Kakon" failures="0" tests="1" name="TestCases.ValidateWeekView" time="16.393" errors="0" timestamp="2025-07-23T18:13:53 BDT" skipped="0">
  <testcase classname="TestCases.ValidateWeekView" name="WeekView" time="16.393"/>
</testsuite> <!-- TestCases.ValidateWeekView -->
