<?xml version="1.0" encoding="UTF-8"?>
<!-- Generated by org.testng.reporters.JUnitReportReporter -->
<testsuite hostname="DESKTOP-NVJBT54" failures="0" tests="1" name="TestCases.CM_ManagePlansCreateNewPlan" time="11.838" errors="0" timestamp="2025-09-16T12:45:40 BDT" skipped="0">
  <testcase classname="TestCases.CM_ManagePlansCreateNewPlan" name="testManagePlans" time="11.838"/>
</testsuite> <!-- TestCases.CM_ManagePlansCreateNewPlan -->
