<?xml version="1.0" encoding="UTF-8"?>
<!-- Generated by org.testng.reporters.JUnitReportReporter -->
<testsuite hostname="Kakon" failures="0" tests="1" name="TestCases.OrganizationLogo" time="18.289" errors="0" timestamp="2025-07-16T16:18:35 BDT" skipped="0">
  <testcase classname="TestCases.OrganizationLogo" name="OrganizationLogo1" time="18.289"/>
</testsuite> <!-- TestCases.OrganizationLogo -->
