<?xml version="1.0" encoding="UTF-8"?>
<!-- Generated by org.testng.reporters.JUnitReportReporter -->
<testsuite hostname="Kakon" failures="0" tests="1" name="TestCases.BlogUXValidation" time="12.932" errors="0" timestamp="2025-07-09T16:41:20 BDT" skipped="0">
  <testcase classname="TestCases.BlogUXValidation" name="HomeUX" time="12.932"/>
</testsuite> <!-- TestCases.BlogUXValidation -->
