<?xml version="1.0" encoding="UTF-8"?>
<!-- Generated by org.testng.reporters.JUnitReportReporter -->
<testsuite hostname="DESKTOP-NVJBT54" failures="0" tests="5" name="TestCases.LoginTest" time="14.313" errors="0" timestamp="2025-09-07T08:34:44 BDT" skipped="0">
  <testcase classname="TestCases.LoginTest" name="LoginValCred" time="2.675"/>
  <testcase classname="TestCases.LoginTest" name="LoginInvUname" time="2.474"/>
  <testcase classname="TestCases.LoginTest" name="LoginInvPass" time="3.639"/>
  <testcase classname="TestCases.LoginTest" name="LoginInvUnamePass" time="3.038"/>
  <testcase classname="TestCases.LoginTest" name="LoginWithoutCred" time="2.487"/>
</testsuite> <!-- TestCases.LoginTest -->
