<?xml version="1.0" encoding="UTF-8"?>
<!-- Generated by org.testng.reporters.JUnitReportReporter -->
<testsuite hostname="Kakon" failures="0" tests="2" name="TestCases.JoinScheduleMeeting" time="39.347" errors="0" timestamp="2025-07-15T16:12:43 BDT" skipped="0">
  <testcase classname="TestCases.JoinScheduleMeeting" name="Schedule_Meeting_Join_Cancel" time="16.850"/>
  <testcase classname="TestCases.JoinScheduleMeeting" name="Schedule_Meeting_Join" time="22.497"/>
</testsuite> <!-- TestCases.JoinScheduleMeeting -->
