<?xml version="1.0" encoding="UTF-8"?>
<!-- Generated by org.testng.reporters.JUnitReportReporter -->
<testsuite hostname="Kakon" failures="0" tests="3" name="TestCases.FilterByStatus" time="49.120" errors="0" timestamp="2025-07-14T18:26:08 BDT" skipped="0">
  <testcase classname="TestCases.FilterByStatus" name="FilterByStatus_Active" time="18.130"/>
  <testcase classname="TestCases.FilterByStatus" name="FilterByStatus_Invited" time="15.456"/>
  <testcase classname="TestCases.FilterByStatus" name="FilterByStatus_Suspended" time="15.534"/>
</testsuite> <!-- TestCases.FilterByStatus -->
