<?xml version="1.0" encoding="UTF-8"?>
<!-- Generated by org.testng.reporters.JUnitReportReporter -->
<testsuite hostname="Kakon" failures="0" tests="2" name="TestCases.JoinMeetingFromLandingPage" time="40.458" errors="0" timestamp="2025-07-15T15:23:32 BDT" skipped="0">
  <testcase classname="TestCases.JoinMeetingFromLandingPage" name="JoinWithMeetingLink" time="22.792"/>
  <testcase classname="TestCases.JoinMeetingFromLandingPage" name="JoinWithoutIDLink" time="17.666"/>
</testsuite> <!-- TestCases.JoinMeetingFromLandingPage -->
