<?xml version="1.0" encoding="UTF-8"?>
<!-- Generated by org.testng.reporters.JUnitReportReporter -->
<testsuite hostname="Kakon" failures="0" tests="2" name="TestCases.JoinWithMeetingLink" time="27.238" errors="0" timestamp="2025-07-15T16:06:19 BDT" skipped="0">
  <testcase classname="TestCases.JoinWithMeetingLink" name="JoinWithMeetingLink" time="18.853"/>
  <testcase classname="TestCases.JoinWithMeetingLink" name="JoinWithInvalidMeetingLink" time="8.385"/>
</testsuite> <!-- TestCases.JoinWithMeetingLink -->
