<?xml version="1.0" encoding="UTF-8"?>
<!-- Generated by org.testng.reporters.JUnitReportReporter -->
<testsuite hostname="Kakon" failures="0" tests="3" name="TestCases.UpcomingMeetingDetails" time="35.607" errors="0" timestamp="2025-07-23T17:08:16 BDT" skipped="0">
  <testcase classname="TestCases.UpcomingMeetingDetails" name="UpcomingDetailsHost" time="13.087"/>
  <testcase classname="TestCases.UpcomingMeetingDetails" name="UpcomingDetailsID" time="11.314"/>
  <testcase classname="TestCases.UpcomingMeetingDetails" name="UpcomingDetailsURL" time="11.206"/>
</testsuite> <!-- TestCases.UpcomingMeetingDetails -->
