<?xml version="1.0" encoding="UTF-8"?>
<!-- Generated by org.testng.reporters.JUnitReportReporter -->
<testsuite hostname="DESKTOP-NVJBT54" failures="0" tests="1" name="TestCases.CM_ManagePlansCreateNewPlan" time="26.770" errors="0" timestamp="2025-09-24T12:48:46 BDT" skipped="0">
  <testcase classname="TestCases.CM_ManagePlansCreateNewPlan" name="CM_ManagePlans_CreateNewPlan" time="26.770"/>
</testsuite> <!-- TestCases.CM_ManagePlansCreateNewPlan -->
