<?xml version="1.0" encoding="UTF-8"?>
<!-- Generated by org.testng.reporters.JUnitReportReporter -->
<testsuite hostname="Kakon" failures="0" tests="1" name="TestCases.ValidateMonthView" time="24.410" errors="0" timestamp="2025-07-23T18:20:31 BDT" skipped="0">
  <testcase classname="TestCases.ValidateMonthView" name="MonthView" time="24.410"/>
</testsuite> <!-- TestCases.ValidateMonthView -->
