<?xml version="1.0" encoding="UTF-8"?>
<!-- Generated by org.testng.reporters.JUnitReportReporter -->
<testsuite hostname="Kakon" failures="0" tests="1" name="TestCases.AcceptInvitation" time="15.374" errors="0" timestamp="2025-07-03T10:40:47 BDT" skipped="0">
  <testcase classname="TestCases.AcceptInvitation" name="CancelInvitation" time="15.374"/>
</testsuite> <!-- TestCases.AcceptInvitation -->
