<?xml version="1.0" encoding="UTF-8"?>
<!-- Generated by org.testng.reporters.JUnitReportReporter -->
<testsuite hostname="Kakon" failures="0" tests="2" name="TestCases.StartInstantMeeting" time="48.090" errors="0" timestamp="2024-11-10T17:19:03 BDT" skipped="0">
  <testcase classname="TestCases.StartInstantMeeting" name="Instant_Meeting_Cancel" time="17.959"/>
  <testcase classname="TestCases.StartInstantMeeting" name="Instant_Meeting" time="30.131"/>
</testsuite> <!-- TestCases.StartInstantMeeting -->
