<?xml version="1.0" encoding="UTF-8"?>
<!-- Generated by org.testng.reporters.JUnitReportReporter -->
<testsuite hostname="Kakon" failures="0" tests="1" name="TestCases.ValidateDayView" time="18.470" errors="0" timestamp="2025-07-23T18:12:28 BDT" skipped="0">
  <testcase classname="TestCases.ValidateDayView" name="DayView" time="18.470"/>
</testsuite> <!-- TestCases.ValidateDayView -->
