<?xml version="1.0" encoding="UTF-8"?>
<!-- Generated by org.testng.reporters.JUnitReportReporter -->
<testsuite hostname="DESKTOP-NVJBT54" failures="0" tests="1" name="TestCases.HostSetting" time="37.876" errors="0" timestamp="2025-09-08T16:49:58 BDT" skipped="0">
  <testcase classname="TestCases.HostSetting" name="Host_Setting" time="37.876"/>
</testsuite> <!-- TestCases.HostSetting -->
