<?xml version="1.0" encoding="UTF-8"?>
<!-- Generated by org.testng.reporters.JUnitReportReporter -->
<testsuite hostname="Kakon" failures="0" tests="1" name="TestCases.AccessTranscription" time="24.802" errors="0" timestamp="2025-07-07T15:02:57 BDT" skipped="0">
  <testcase classname="TestCases.AccessTranscription" name="Transcription" time="24.802"/>
</testsuite> <!-- TestCases.AccessTranscription -->
