<?xml version="1.0" encoding="UTF-8"?>
<!-- Generated by org.testng.reporters.JUnitReportReporter -->
<testsuite hostname="DESKTOP-NVJBT54" failures="0" tests="1" name="TestCases.LoginEdge2" time="13.688" errors="0" timestamp="2025-10-09T16:49:46 BDT" skipped="0">
  <testcase classname="TestCases.LoginEdge2" name="emailLogin" time="13.688"/>
</testsuite> <!-- TestCases.LoginEdge2 -->
