<?xml version="1.0" encoding="UTF-8"?>
<!-- Generated by org.testng.reporters.JUnitReportReporter -->
<testsuite hostname="DESKTOP-NVJBT54" failures="0" tests="2" name="TestCases.StartScheduleMeeting" time="37.325" errors="0" timestamp="2025-09-04T10:26:05 BDT" skipped="0">
  <testcase classname="TestCases.StartScheduleMeeting" name="Schedule_Meeting_Cancel" time="14.011"/>
  <testcase classname="TestCases.StartScheduleMeeting" name="Schedule_Meeting_Start" time="23.314"/>
</testsuite> <!-- TestCases.StartScheduleMeeting -->
