<?xml version="1.0" encoding="UTF-8"?>
<!-- Generated by org.testng.reporters.JUnitReportReporter -->
<testsuite hostname="Kakon" failures="0" tests="1" name="TestCases.EventDetails" time="22.498" errors="0" timestamp="2025-07-14T18:19:43 BDT" skipped="0">
  <testcase classname="TestCases.EventDetails" name="Event_Details" time="22.498"/>
</testsuite> <!-- TestCases.EventDetails -->
