<?xml version="1.0" encoding="UTF-8"?>
<!-- Generated by org.testng.reporters.JUnitReportReporter -->
<testsuite hostname="DESKTOP-NVJBT54" failures="0" tests="3" name="TestCases.CM_ManagePlansFilter" time="50.746" errors="0" timestamp="2025-09-22T10:41:04 BDT" skipped="0">
  <testcase classname="TestCases.CM_ManagePlansFilter" name="testManagePlans" time="15.489"/>
  <testcase classname="TestCases.CM_ManagePlansFilter" name="testManagePlans2" time="22.396"/>
  <testcase classname="TestCases.CM_ManagePlansFilter" name="testManagePlans3" time="12.861"/>
</testsuite> <!-- TestCases.CM_ManagePlansFilter -->
