<?xml version="1.0" encoding="UTF-8"?>
<!-- Generated by org.testng.reporters.JUnitReportReporter -->
<testsuite hostname="Kakon" failures="0" tests="3" name="TestCases.FilterByRole" time="47.959" errors="0" timestamp="2025-07-14T18:22:24 BDT" skipped="0">
  <testcase classname="TestCases.FilterByRole" name="FilterByRole_Owner" time="17.088"/>
  <testcase classname="TestCases.FilterByRole" name="FilterByRole_Admin" time="15.417"/>
  <testcase classname="TestCases.FilterByRole" name="FilterByRole_User" time="15.454"/>
</testsuite> <!-- TestCases.FilterByRole -->
