<?xml version="1.0" encoding="UTF-8"?>
<!-- Generated by org.testng.reporters.JUnitReportReporter -->
<testsuite hostname="Kakon" failures="0" tests="2" name="TestCases.LogOutTest" time="20.092" errors="0" timestamp="2024-09-17T10:57:22 BDT" skipped="0">
  <testcase classname="TestCases.LogOutTest" name="LogOut_Page1" time="12.216"/>
  <testcase classname="TestCases.LogOutTest" name="LogOut_Page2" time="7.876"/>
</testsuite> <!-- TestCases.LogOutTest -->
