<?xml version="1.0" encoding="UTF-8"?>
<!-- Generated by org.testng.reporters.JUnitReportReporter -->
<testsuite hostname="Kakon" failures="0" tests="3" name="TestCases.PreviousMeetingDetails" time="57.693" errors="0" timestamp="2025-07-20T16:21:35 BDT" skipped="0">
  <testcase classname="TestCases.PreviousMeetingDetails" name="PreviousDetailsHost" time="20.275"/>
  <testcase classname="TestCases.PreviousMeetingDetails" name="PreviousDetailsID" time="13.291"/>
  <testcase classname="TestCases.PreviousMeetingDetails" name="PreviousDetailsURL" time="24.127"/>
</testsuite> <!-- TestCases.PreviousMeetingDetails -->
