<?xml version="1.0" encoding="UTF-8"?>
<!-- Generated by org.testng.reporters.JUnitReportReporter -->
<testsuite hostname="Kakon" failures="0" tests="1" name="TestCases.MeetingManagementStart" time="33.129" errors="0" timestamp="2025-07-15T18:20:14 BDT" skipped="0">
  <testcase classname="TestCases.MeetingManagementStart" name="Upcoming_Meeting_Start" time="33.129"/>
</testsuite> <!-- TestCases.MeetingManagementStart -->
