<?xml version="1.0" encoding="UTF-8"?>
<!-- Generated by org.testng.reporters.JUnitReportReporter -->
<testsuite hostname="Kakon" failures="0" tests="1" name="TestCases.Instant_HostSetting" time="56.884" errors="0" timestamp="2025-07-15T12:37:47 BDT" skipped="0">
  <testcase classname="TestCases.Instant_HostSetting" name="Instant_HostControl" time="56.884"/>
</testsuite> <!-- TestCases.Instant_HostSetting -->
