<?xml version="1.0" encoding="UTF-8"?>
<!-- Generated by org.testng.reporters.JUnitReportReporter -->
<testsuite hostname="Kakon" failures="0" tests="1" name="TestCases.AccessInvitationUX" time="14.844" errors="0" timestamp="2025-07-03T11:22:06 BDT" skipped="0">
  <testcase classname="TestCases.AccessInvitationUX" name="AccessInvitation" time="14.844"/>
</testsuite> <!-- TestCases.AccessInvitationUX -->
