<?xml version="1.0" encoding="UTF-8"?>
<!-- Generated by org.testng.reporters.JUnitReportReporter -->
<testsuite hostname="Kakon" failures="0" tests="1" name="TestCases.InstantMeetingUX" time="26.252" errors="0" timestamp="2025-07-15T12:39:08 BDT" skipped="0">
  <testcase classname="TestCases.InstantMeetingUX" name="instantMeetingUX" time="26.252"/>
</testsuite> <!-- TestCases.InstantMeetingUX -->
