<?xml version="1.0" encoding="UTF-8"?>
<!-- Generated by org.testng.reporters.JUnitReportReporter -->
<testsuite hostname="Kakon" failures="0" tests="1" name="TestCases.DeleteUpcomingMeeting" time="19.787" errors="0" timestamp="2025-07-14T15:07:23 BDT" skipped="0">
  <testcase classname="TestCases.DeleteUpcomingMeeting" name="copyInvitation" time="19.787"/>
</testsuite> <!-- TestCases.DeleteUpcomingMeeting -->
