<?xml version="1.0" encoding="UTF-8"?>
<!-- Generated by org.testng.reporters.JUnitReportReporter -->
<testsuite hostname="Kakon" failures="0" tests="2" name="TestCases.SignUpTest" time="24.014" errors="0" timestamp="2024-09-15T11:59:51 BDT" skipped="0">
  <testcase classname="TestCases.SignUpTest" name="SignUpTestValid" time="14.086"/>
  <testcase classname="TestCases.SignUpTest" name="SignUpTestDuplicateEmail" time="9.928"/>
</testsuite> <!-- TestCases.SignUpTest -->
