<?xml version="1.0" encoding="UTF-8"?>
<!-- Generated by org.testng.reporters.JUnitReportReporter -->
<testsuite hostname="Kakon" failures="0" tests="2" name="TestCases.EditMeetingInfo" time="32.509" errors="0" timestamp="2025-07-14T16:44:37 BDT" skipped="0">
  <testcase classname="TestCases.EditMeetingInfo" name="EditMeetingInfo1" time="15.969"/>
  <testcase classname="TestCases.EditMeetingInfo" name="EditMeetingInfo2" time="16.540"/>
</testsuite> <!-- TestCases.EditMeetingInfo -->
