<?xml version="1.0" encoding="UTF-8"?>
<!-- Generated by org.testng.reporters.JUnitReportReporter -->
<testsuite hostname="DESKTOP-NVJBT54" failures="0" tests="2" name="TestCases.MeetingManagementDeleteMeeting" time="39.649" errors="0" timestamp="2025-09-08T09:48:43 BDT" skipped="0">
  <testcase classname="TestCases.MeetingManagementDeleteMeeting" name="Schedule_Meeting" time="19.216"/>
  <testcase classname="TestCases.MeetingManagementDeleteMeeting" name="Schedule_Meeting_Delete" time="20.433"/>
</testsuite> <!-- TestCases.MeetingManagementDeleteMeeting -->
