<?xml version="1.0" encoding="UTF-8"?>
<!-- Generated by org.testng.reporters.JUnitReportReporter -->
<testsuite hostname="Kakon" failures="0" tests="1" name="TestCases.AddParticipants" time="24.443" errors="0" timestamp="2025-07-09T15:05:51 BDT" skipped="0">
  <testcase classname="TestCases.AddParticipants" name="Add_Participant" time="24.443"/>
</testsuite> <!-- TestCases.AddParticipants -->
