<?xml version="1.0" encoding="UTF-8"?>
<!-- Generated by org.testng.reporters.JUnitReportReporter -->
<testsuite hostname="DESKTOP-NVJBT54" failures="0" tests="1" name="TestCases.CM_OrganizationFilter" time="41.355" errors="0" timestamp="2025-10-05T14:59:05 BDT" skipped="0">
  <testcase classname="TestCases.CM_OrganizationFilter" name="CM_ManageOrganization_Filter1" time="41.355"/>
</testsuite> <!-- TestCases.CM_OrganizationFilter -->
