<?xml version="1.0" encoding="UTF-8"?>
<!-- Generated by org.testng.reporters.JUnitReportReporter -->
<testsuite hostname="DESKTOP-NVJBT54" failures="0" tests="1" name="TestCases.HostControl" time="36.784" errors="0" timestamp="2025-09-09T10:35:53 BDT" skipped="0">
  <testcase classname="TestCases.HostControl" name="Host_Control" time="36.784"/>
</testsuite> <!-- TestCases.HostControl -->
