<?xml version="1.0" encoding="UTF-8"?>
<!-- Generated by org.testng.reporters.JUnitReportReporter -->
<testsuite hostname="Kakon" failures="0" tests="1" name="TestCases.StartInstantMeeting" time="66.152" errors="0" timestamp="2025-07-23T16:03:22 BDT" skipped="0">
  <testcase classname="TestCases.StartInstantMeeting" name="Instant_Meeting" time="66.152"/>
</testsuite> <!-- TestCases.StartInstantMeeting -->
