<?xml version="1.0" encoding="UTF-8"?>
<!-- Generated by org.testng.reporters.JUnitReportReporter -->
<testsuite hostname="DESKTOP-NVJBT54" failures="0" tests="1" name="TestCases.CM_ManagePlansDraft" time="32.410" errors="0" timestamp="2025-09-25T11:21:20 BDT" skipped="0">
  <testcase classname="TestCases.CM_ManagePlansDraft" name="CM_ManagePlans_Draft" time="32.410"/>
</testsuite> <!-- TestCases.CM_ManagePlansDraft -->
