<?xml version="1.0" encoding="UTF-8"?>
<!-- Generated by org.testng.reporters.JUnitReportReporter -->
<testsuite hostname="Kakon" failures="0" tests="2" name="TestCases.MeetingManagementUX" time="36.680" errors="0" timestamp="2025-07-15T18:29:34 BDT" skipped="0">
  <testcase classname="TestCases.MeetingManagementUX" name="upcomingUX" time="17.174"/>
  <testcase classname="TestCases.MeetingManagementUX" name="previousUX" time="19.506"/>
</testsuite> <!-- TestCases.MeetingManagementUX -->
