<?xml version="1.0" encoding="UTF-8"?>
<!-- Generated by org.testng.reporters.JUnitReportReporter -->
<testsuite hostname="DESKTOP-NVJBT54" failures="0" tests="1" name="TestCases.CM_ManagePlansDraft" time="26.603" errors="0" timestamp="2025-09-21T15:14:35 BDT" skipped="0">
  <testcase classname="TestCases.CM_ManagePlansDraft" name="testManagePlans" time="26.603"/>
</testsuite> <!-- TestCases.CM_ManagePlansDraft -->
