<?xml version="1.0" encoding="UTF-8"?>
<!-- Generated by org.testng.reporters.JUnitReportReporter -->
<testsuite hostname="Kakon" failures="0" tests="1" name="TestCases.HostSetting" time="12.300" errors="0" timestamp="2024-11-10T19:00:10 BDT" skipped="0">
  <testcase classname="TestCases.HostSetting" name="FilterByStatus_Active" time="12.300"/>
</testsuite> <!-- TestCases.HostSetting -->
