<?xml version="1.0" encoding="UTF-8"?>
<!-- Generated by org.testng.reporters.JUnitReportReporter -->
<testsuite hostname="DESKTOP-NVJBT54" failures="0" tests="1" name="TestCases.CM_OrganizationDraft" time="32.589" errors="0" timestamp="2025-10-05T12:13:56 BDT" skipped="0">
  <testcase classname="TestCases.CM_OrganizationDraft" name="CM_Organization_Draft" time="32.589"/>
</testsuite> <!-- TestCases.CM_OrganizationDraft -->
