<?xml version="1.0" encoding="UTF-8"?>
<!-- Generated by org.testng.reporters.JUnitReportReporter -->
<testsuite hostname="Kakon" failures="0" tests="1" name="TestCases.EditUser" time="24.712" errors="0" timestamp="2025-07-14T17:09:26 BDT" skipped="0">
  <testcase classname="TestCases.EditUser" name="EditUser1" time="24.712"/>
</testsuite> <!-- TestCases.EditUser -->
