<?xml version="1.0" encoding="UTF-8"?>
<!-- Generated by org.testng.reporters.JUnitReportReporter -->
<testsuite hostname="DESKTOP-NVJBT54" failures="0" tests="2" name="TestCases.LogOutTest" time="23.875" errors="0" timestamp="2025-09-08T16:06:48 BDT" skipped="0">
  <testcase classname="TestCases.LogOutTest" name="LogOut_Page1" time="12.143"/>
  <testcase classname="TestCases.LogOutTest" name="LogOut_Page2" time="11.732"/>
</testsuite> <!-- TestCases.LogOutTest -->
