<?xml version="1.0" encoding="UTF-8"?>
<!-- Generated by org.testng.reporters.JUnitReportReporter -->
<testsuite hostname="DESKTOP-NVJBT54" failures="0" tests="1" name="TestCases.CM_ManagePlansDeleteDraft" time="29.387" errors="0" timestamp="2025-09-18T15:54:47 BDT" skipped="0">
  <testcase classname="TestCases.CM_ManagePlansDeleteDraft" name="testManagePlans" time="29.387"/>
</testsuite> <!-- TestCases.CM_ManagePlansDeleteDraft -->
