<?xml version="1.0" encoding="UTF-8"?>
<!-- Generated by org.testng.reporters.JUnitReportReporter -->
<testsuite hostname="DESKTOP-NVJBT54" failures="0" tests="5" name="TestCases.LoginTest" time="14.376" errors="0" timestamp="2025-09-04T08:35:23 BDT" skipped="0">
  <testcase classname="TestCases.LoginTest" name="LoginValCred" time="2.501"/>
  <testcase classname="TestCases.LoginTest" name="LoginInvUname" time="2.461"/>
  <testcase classname="TestCases.LoginTest" name="LoginInvPass" time="3.140"/>
  <testcase classname="TestCases.LoginTest" name="LoginInvUnamePass" time="3.777"/>
  <testcase classname="TestCases.LoginTest" name="LoginWithoutCred" time="2.497"/>
</testsuite> <!-- TestCases.LoginTest -->
