<?xml version="1.0" encoding="UTF-8"?>
<!-- Generated by org.testng.reporters.JUnitReportReporter -->
<testsuite hostname="Kakon" failures="0" tests="2" name="TestCases.JoinMeetingWithMeetingLink" time="27.149" errors="0" timestamp="2025-07-15T15:32:56 BDT" skipped="0">
  <testcase classname="TestCases.JoinMeetingWithMeetingLink" name="JoinWithMeetingLink" time="18.742"/>
  <testcase classname="TestCases.JoinMeetingWithMeetingLink" name="JoinWithInvalidMeetingLink" time="8.407"/>
</testsuite> <!-- TestCases.JoinMeetingWithMeetingLink -->
