<?xml version="1.0" encoding="UTF-8"?>
<!-- Generated by org.testng.reporters.JUnitReportReporter -->
<testsuite hostname="Kakon" failures="0" tests="1" name="TestCases.ValidateCopyMeetingInvitation" time="13.783" errors="0" timestamp="2025-07-23T18:11:09 BDT" skipped="0">
  <testcase classname="TestCases.ValidateCopyMeetingInvitation" name="copyInvitation" time="13.783"/>
</testsuite> <!-- TestCases.ValidateCopyMeetingInvitation -->
