<?xml version="1.0" encoding="UTF-8"?>
<!-- Generated by org.testng.reporters.JUnitReportReporter -->
<testsuite hostname="Kakon" failures="0" tests="1" name="TestCases.AddSingleUser" time="21.384" errors="0" timestamp="2025-07-09T16:27:41 BDT" skipped="0">
  <testcase classname="TestCases.AddSingleUser" name="testAddUser4" time="21.384"/>
</testsuite> <!-- TestCases.AddSingleUser -->
