<?xml version="1.0" encoding="UTF-8"?>
<!-- Generated by org.testng.reporters.JUnitReportReporter -->
<testsuite hostname="Kakon" failures="0" tests="5" name="TestCases.SearchUser" time="69.670" errors="0" timestamp="2025-07-23T15:45:48 BDT" skipped="0">
  <testcase classname="TestCases.SearchUser" name="searchUserByName" time="13.375"/>
  <testcase classname="TestCases.SearchUser" name="searchUserByEmail" time="13.270"/>
  <testcase classname="TestCases.SearchUser" name="searchUserByJobTitle" time="13.196"/>
  <testcase classname="TestCases.SearchUser" name="searchUserByRole" time="16.443"/>
  <testcase classname="TestCases.SearchUser" name="searchUserByStatus" time="13.386"/>
</testsuite> <!-- TestCases.SearchUser -->
