<?xml version="1.0" encoding="UTF-8"?>
<!-- Generated by org.testng.reporters.JUnitReportReporter -->
<testsuite hostname="DESKTOP-NVJBT54" failures="0" tests="3" name="TestCases.CM_ManagePlansFilter" time="41.636" errors="0" timestamp="2025-09-17T17:06:02 BDT" skipped="0">
  <testcase classname="TestCases.CM_ManagePlansFilter" name="testManagePlans" time="13.819"/>
  <testcase classname="TestCases.CM_ManagePlansFilter" name="testManagePlans2" time="14.839"/>
  <testcase classname="TestCases.CM_ManagePlansFilter" name="testManagePlans3" time="12.978"/>
</testsuite> <!-- TestCases.CM_ManagePlansFilter -->
