<?xml version="1.0" encoding="UTF-8"?>
<!-- Generated by org.testng.reporters.JUnitReportReporter -->
<testsuite hostname="DESKTOP-NVJBT54" failures="0" tests="2" name="TestCases.LogOutTest" time="23.891" errors="0" timestamp="2025-09-03T11:45:37 BDT" skipped="0">
  <testcase classname="TestCases.LogOutTest" name="LogOut_Page1" time="12.975"/>
  <testcase classname="TestCases.LogOutTest" name="LogOut_Page2" time="10.916"/>
</testsuite> <!-- TestCases.LogOutTest -->
