<?xml version="1.0" encoding="UTF-8"?>
<!-- Generated by org.testng.reporters.JUnitReportReporter -->
<testsuite hostname="Kakon" failures="0" tests="2" name="TestCases.OrganizationAddress" time="36.619" errors="0" timestamp="2025-07-16T12:34:19 BDT" skipped="0">
  <testcase classname="TestCases.OrganizationAddress" name="OrganizationAddress1" time="16.287"/>
  <testcase classname="TestCases.OrganizationAddress" name="OrganizationAddress2" time="20.332"/>
</testsuite> <!-- TestCases.OrganizationAddress -->
