<?xml version="1.0" encoding="UTF-8"?>
<!-- Generated by org.testng.reporters.JUnitReportReporter -->
<testsuite hostname="DESKTOP-NVJBT54" failures="0" tests="1" name="TestCases.CM_OrganizationEdit" time="35.501" errors="0" timestamp="2025-09-25T17:16:37 BDT" skipped="0">
  <testcase classname="TestCases.CM_OrganizationEdit" name="CM_OrganizationEdit2" time="35.501"/>
</testsuite> <!-- TestCases.CM_OrganizationEdit -->
