<?xml version="1.0" encoding="UTF-8"?>
<!-- Generated by org.testng.reporters.JUnitReportReporter -->
<testsuite hostname="Kakon" failures="0" tests="3" name="TestCases.ReactivateUser" time="50.280" errors="0" timestamp="2025-07-20T18:17:45 BDT" skipped="0">
  <testcase classname="TestCases.ReactivateUser" name="FilterByStatus_Active" time="23.139"/>
  <testcase classname="TestCases.ReactivateUser" name="FilterByStatus_Suspended" time="15.356"/>
  <testcase classname="TestCases.ReactivateUser" name="SuspendedUserLogin" time="11.785"/>
</testsuite> <!-- TestCases.ReactivateUser -->
