<?xml version="1.0" encoding="UTF-8"?>
<!-- Generated by org.testng.reporters.JUnitReportReporter -->
<testsuite hostname="DESKTOP-NVJBT54" failures="0" tests="1" name="TestCases.CM_OrganizationFilter" time="20.886" errors="0" timestamp="2025-10-05T14:00:29 BDT" skipped="0">
  <testcase classname="TestCases.CM_OrganizationFilter" name="CM_ManageOrganization_Filter4" time="20.886"/>
</testsuite> <!-- TestCases.CM_OrganizationFilter -->
