<?xml version="1.0" encoding="UTF-8"?>
<!-- Generated by org.testng.reporters.JUnitReportReporter -->
<testsuite hostname="DESKTOP-NVJBT54" failures="0" tests="1" name="TestCases.CM_ManagePlansSearch" time="22.096" errors="0" timestamp="2025-09-22T12:19:48 BDT" skipped="0">
  <testcase classname="TestCases.CM_ManagePlansSearch" name="testManagePlans" time="22.096"/>
</testsuite> <!-- TestCases.CM_ManagePlansSearch -->
