<?xml version="1.0" encoding="UTF-8"?>
<!-- Generated by org.testng.reporters.JUnitReportReporter -->
<testsuite hostname="Kakon" failures="0" tests="2" name="TestCases.LogOutTest" time="23.128" errors="0" timestamp="2025-07-15T16:17:46 BDT" skipped="0">
  <testcase classname="TestCases.LogOutTest" name="LogOut_Page1" time="11.965"/>
  <testcase classname="TestCases.LogOutTest" name="LogOut_Page2" time="11.163"/>
</testsuite> <!-- TestCases.LogOutTest -->
