<?xml version="1.0" encoding="UTF-8"?>
<!-- Generated by org.testng.reporters.JUnitReportReporter -->
<testsuite hostname="DESKTOP-NVJBT54" failures="0" tests="1" name="TestCases.LoginTest" time="11.172" errors="0" timestamp="2025-10-09T16:43:03 BDT" skipped="0">
  <testcase classname="TestCases.LoginTest" name="emailLogin" time="11.172"/>
</testsuite> <!-- TestCases.LoginTest -->
