<?xml version="1.0" encoding="UTF-8"?>
<!-- Generated by org.testng.reporters.JUnitReportReporter -->
<testsuite hostname="DESKTOP-NVJBT54" failures="0" tests="2" name="TestCases.MeetingManagementEditMeeting" time="49.405" errors="0" timestamp="2025-09-07T16:04:27 BDT" skipped="0">
  <testcase classname="TestCases.MeetingManagementEditMeeting" name="Schedule_Meeting" time="15.313"/>
  <testcase classname="TestCases.MeetingManagementEditMeeting" name="Schedule_Meeting_Edit" time="34.092"/>
</testsuite> <!-- TestCases.MeetingManagementEditMeeting -->
