<?xml version="1.0" encoding="UTF-8"?>
<!-- Generated by org.testng.reporters.JUnitReportReporter -->
<testsuite hostname="Kakon" failures="0" tests="1" name="TestCases.BulkAction" time="28.718" errors="0" timestamp="2025-07-13T11:26:54 BDT" skipped="0">
  <testcase classname="TestCases.BulkAction" name="BulkAction4" time="28.718"/>
</testsuite> <!-- TestCases.BulkAction -->
