<?xml version="1.0" encoding="UTF-8"?>
<!-- Generated by org.testng.reporters.JUnitReportReporter -->
<testsuite hostname="DESKTOP-NVJBT54" failures="0" tests="3" name="TestCases.FilterByRole" time="46.945" errors="0" timestamp="2025-09-02T11:18:05 BDT" skipped="0">
  <testcase classname="TestCases.FilterByRole" name="FilterByRole_Owner" time="15.027"/>
  <testcase classname="TestCases.FilterByRole" name="FilterByRole_Admin" time="15.115"/>
  <testcase classname="TestCases.FilterByRole" name="FilterByRole_User" time="16.803"/>
</testsuite> <!-- TestCases.FilterByRole -->
