<?xml version="1.0" encoding="UTF-8"?>
<!-- Generated by org.testng.reporters.JUnitReportReporter -->
<testsuite hostname="Kakon" failures="0" tests="2" name="TestCases.OrganizationInfo" time="27.389" errors="0" timestamp="2025-07-16T13:16:50 BDT" skipped="0">
  <testcase classname="TestCases.OrganizationInfo" name="OrganizationInfo1" time="14.781"/>
  <testcase classname="TestCases.OrganizationInfo" name="OrganizationInfo2" time="12.608"/>
</testsuite> <!-- TestCases.OrganizationInfo -->
