<?xml version="1.0" encoding="UTF-8"?>
<!-- Generated by org.testng.reporters.JUnitReportReporter -->
<testsuite hostname="DESKTOP-NVJBT54" failures="0" tests="3" name="TestCases.CM_ManagePlansFilter" time="42.263" errors="0" timestamp="2025-09-24T12:48:46 BDT" skipped="0">
  <testcase classname="TestCases.CM_ManagePlansFilter" name="CM_ManagePlans_Filter1" time="15.080"/>
  <testcase classname="TestCases.CM_ManagePlansFilter" name="CM_ManagePlans_Filter2" time="12.759"/>
  <testcase classname="TestCases.CM_ManagePlansFilter" name="CM_ManagePlans_Filter3" time="14.424"/>
</testsuite> <!-- TestCases.CM_ManagePlansFilter -->
