<?xml version="1.0" encoding="UTF-8"?>
<!-- Generated by org.testng.reporters.JUnitReportReporter -->
<testsuite hostname="Kakon" failures="0" tests="2" name="TestCases.ResendInvitation" time="45.435" errors="0" timestamp="2025-07-20T18:19:25 BDT" skipped="0">
  <testcase classname="TestCases.ResendInvitation" name="ResendInvitation1" time="21.652"/>
  <testcase classname="TestCases.ResendInvitation" name="ResendInvitation2" time="23.783"/>
</testsuite> <!-- TestCases.ResendInvitation -->
