<?xml version="1.0" encoding="UTF-8"?>
<!-- Generated by org.testng.reporters.JUnitReportReporter -->
<testsuite hostname="DESKTOP-NVJBT54" failures="0" tests="3" name="TestCases.StartScheduleMeeting" time="57.307" errors="0" timestamp="2025-09-11T09:08:15 BDT" skipped="0">
  <testcase classname="TestCases.StartScheduleMeeting" name="Schedule_Meeting" time="21.293"/>
  <testcase classname="TestCases.StartScheduleMeeting" name="Schedule_Meeting_Cancel" time="13.959"/>
  <testcase classname="TestCases.StartScheduleMeeting" name="Schedule_Meeting_Start" time="22.055"/>
</testsuite> <!-- TestCases.StartScheduleMeeting -->
