<?xml version="1.0" encoding="UTF-8"?>
<!-- Generated by org.testng.reporters.JUnitReportReporter -->
<testsuite hostname="DESKTOP-NVJBT54" failures="0" tests="1" name="TestCases.CM_OrganizationSearch" time="26.541" errors="0" timestamp="2025-10-05T13:48:47 BDT" skipped="0">
  <testcase classname="TestCases.CM_OrganizationSearch" name="CM_Organization_Search" time="26.541"/>
</testsuite> <!-- TestCases.CM_OrganizationSearch -->
