<?xml version="1.0" encoding="UTF-8"?>
<!-- Generated by org.testng.reporters.JUnitReportReporter -->
<testsuite hostname="Kakon" failures="0" tests="2" name="TestCases.AccessRecordedFile" time="48.421" errors="0" timestamp="2025-07-03T12:41:01 BDT" skipped="0">
  <testcase classname="TestCases.AccessRecordedFile" name="Recorded_File_Copy" time="26.849"/>
  <testcase classname="TestCases.AccessRecordedFile" name="Recorded_File_Download" time="21.572"/>
</testsuite> <!-- TestCases.AccessRecordedFile -->
