<?xml version="1.0" encoding="UTF-8"?>
<!-- Generated by org.testng.reporters.JUnitReportReporter -->
<testsuite hostname="Kakon" failures="0" tests="2" name="TestCases.UpcomingMeetingJoin" time="32.561" errors="0" timestamp="2025-07-23T17:11:24 BDT" skipped="0">
  <testcase classname="TestCases.UpcomingMeetingJoin" name="Upcoming_Meeting_Cancel" time="15.142"/>
  <testcase classname="TestCases.UpcomingMeetingJoin" name="Upcoming_Meeting_Join" time="17.419"/>
</testsuite> <!-- TestCases.UpcomingMeetingJoin -->
