<?xml version="1.0" encoding="UTF-8"?>
<!-- Generated by org.testng.reporters.JUnitReportReporter -->
<testsuite hostname="Kakon" failures="0" tests="2" name="TestCases.JoinInstantMeeting" time="36.491" errors="0" timestamp="2025-07-15T15:14:54 BDT" skipped="0">
  <testcase classname="TestCases.JoinInstantMeeting" name="JoinWithMeetingLink" time="20.421"/>
  <testcase classname="TestCases.JoinInstantMeeting" name="JoinWithoutIDLink" time="16.070"/>
</testsuite> <!-- TestCases.JoinInstantMeeting -->
